<?xml version="1.0" encoding="UTF-8"?>
<!-- Generated by org.testng.reporters.JUnitXMLReporter -->
<testsuite ignored="0" hostname="DESKTOP-N3TE15A" failures="0" tests="13" name="Test" time="487.33" errors="0" timestamp="2024-01-05T11:47:18 IST">
  <testcase classname="BushSoc.testcases.Contact_Us" name="Form" time="21.732"/>
  <testcase classname="BushSoc.testcases.Members_Investment_Offer" name="Form" time="5.681"/>
  <testcase classname="BushSoc.testcases.FAQS" name="click" time="1.018"/>
  <testcase classname="BushSoc.testcases.KeyFeatures" name="click" time="7.283"/>
  <testcase classname="BushSoc.testcases.Dashboard" name="click" time="11.763"/>
  <testcase classname="BushSoc.testcases.Testimonials" name="click" time="5.214"/>
  <testcase classname="BushSoc.testcases.CompanyValue" name="Click" time="9.29"/>
  <testcase classname="BushSoc.testcases.MemberOffers" name="Offers" time="0.786"/>
  <testcase classname="BushSoc.testcases.Donate_for_Bushido" name="click" time="0.207"/>
  <testcase classname="BushSoc.testcases.Membership_Benefits" name="click" time="6.196"/>
  <testcase classname="BushSoc.testcases.Footer_SocialMediaIcons" name="click" time="1.454"/>
  <testcase classname="BushSoc.testcases.About_Us" name="click" time="15.01"/>
  <testcase classname="BushSoc.testcases.Download" name="downloadPDF" time="2.514"/>
</testsuite> <!-- Test -->
