<?xml version="1.0" encoding="UTF-8"?>
<testng-results ignored="0" total="1" passed="1" failed="0" skipped="0">
  <reporter-output>
    <line>
      <![CDATA[**********Browser Session Started***********]]>
    </line>
    <line>
      <![CDATA[**********Land On login page***********]]>
    </line>
    <line>
      <![CDATA[**********click button***********]]>
    </line>
    <line>
      <![CDATA[********About Us Session End********]]>
    </line>
    <line>
      <![CDATA[********Browser Session End********]]>
    </line>
  </reporter-output>
  <suite started-at="2024-01-24T13:50:54 IST" name="Default suite" finished-at="2024-01-24T13:52:15 IST" duration-ms="81035">
    <groups>
      <group name="About_Us">
        <method signature="About_Us.click()[pri:0, instance:BushSoc.testcases.About_Us@7cc0cdad]" name="click" class="BushSoc.testcases.About_Us"/>
      </group> <!-- About_Us -->
    </groups>
    <test started-at="2024-01-24T13:50:54 IST" name="Default test" finished-at="2024-01-24T13:52:15 IST" duration-ms="81035">
      <class name="BushSoc.testcases.About_Us">
        <test-method is-config="true" signature="setup(java.lang.String,java.lang.String,java.lang.String)[pri:0, instance:BushSoc.testcases.About_Us@7cc0cdad]" started-at="2024-01-24T13:50:54 IST" name="setup" finished-at="2024-01-24T13:51:51 IST" duration-ms="57376" status="PASS">
          <params>
            <param index="0">
              <value>
                <![CDATA[live]]>
              </value>
            </param>
            <param index="1">
              <value>
                <![CDATA[prachi.gurav1@geeconsystems.com]]>
              </value>
            </param>
            <param index="2">
              <value>
                <![CDATA[Abc@123]]>
              </value>
            </param>
          </params>
          <reporter-output>
            <line>
              <![CDATA[**********Browser Session Started***********]]>
            </line>
            <line>
              <![CDATA[**********Land On login page***********]]>
            </line>
            <line>
              <![CDATA[**********click button***********]]>
            </line>
          </reporter-output>
        </test-method> <!-- setup -->
        <test-method signature="click()[pri:0, instance:BushSoc.testcases.About_Us@7cc0cdad]" started-at="2024-01-24T13:51:51 IST" name="click" finished-at="2024-01-24T13:52:07 IST" duration-ms="15824" status="PASS">
          <reporter-output>
            <line>
              <![CDATA[********About Us Session End********]]>
            </line>
          </reporter-output>
        </test-method> <!-- click -->
        <test-method is-config="true" signature="close()[pri:0, instance:BushSoc.testcases.About_Us@7cc0cdad]" started-at="2024-01-24T13:52:07 IST" name="close" finished-at="2024-01-24T13:52:15 IST" duration-ms="7750" status="PASS">
          <reporter-output>
            <line>
              <![CDATA[********Browser Session End********]]>
            </line>
          </reporter-output>
        </test-method> <!-- close -->
      </class> <!-- BushSoc.testcases.About_Us -->
    </test> <!-- Default test -->
  </suite> <!-- Default suite -->
</testng-results>
