<?xml version="1.0" encoding="UTF-8"?>
<testng-results ignored="0" total="1" passed="1" failed="0" skipped="0">
  <reporter-output>
    <line>
      <![CDATA[**********Browser Session Started***********]]>
    </line>
    <line>
      <![CDATA[**********Land On login page***********]]>
    </line>
    <line>
      <![CDATA[**********click button***********]]>
    </line>
    <line>
      <![CDATA[********Browser Session End********]]>
    </line>
  </reporter-output>
  <suite started-at="2024-01-17T12:26:22 IST" name="Default suite" finished-at="2024-01-17T12:26:55 IST" duration-ms="32773">
    <groups>
      <group name="DonateForBushido">
        <method signature="Donate_for_Bushido.click()[pri:0, instance:BushSoc.testcases.Donate_for_Bushido@7cc0cdad]" name="click" class="BushSoc.testcases.Donate_for_Bushido"/>
      </group> <!-- DonateForBushido -->
    </groups>
    <test started-at="2024-01-17T12:26:22 IST" name="Default test" finished-at="2024-01-17T12:26:55 IST" duration-ms="32773">
      <class name="BushSoc.testcases.Donate_for_Bushido">
        <test-method is-config="true" signature="setup(java.lang.String,java.lang.String,java.lang.String)[pri:0, instance:BushSoc.testcases.Donate_for_Bushido@7cc0cdad]" started-at="2024-01-17T12:26:23 IST" name="setup" finished-at="2024-01-17T12:26:48 IST" duration-ms="25219" status="PASS">
          <params>
            <param index="0">
              <value>
                <![CDATA[live]]>
              </value>
            </param>
            <param index="1">
              <value>
                <![CDATA[prachi.gurav1@geeconsystems.com]]>
              </value>
            </param>
            <param index="2">
              <value>
                <![CDATA[Abc@123]]>
              </value>
            </param>
          </params>
          <reporter-output>
            <line>
              <![CDATA[**********Browser Session Started***********]]>
            </line>
            <line>
              <![CDATA[**********Land On login page***********]]>
            </line>
            <line>
              <![CDATA[**********click button***********]]>
            </line>
          </reporter-output>
        </test-method> <!-- setup -->
        <test-method signature="click()[pri:0, instance:BushSoc.testcases.Donate_for_Bushido@7cc0cdad]" started-at="2024-01-17T12:26:48 IST" name="click" finished-at="2024-01-17T12:26:48 IST" duration-ms="65" status="PASS">
          <reporter-output>
          </reporter-output>
        </test-method> <!-- click -->
        <test-method is-config="true" signature="close()[pri:0, instance:BushSoc.testcases.Donate_for_Bushido@7cc0cdad]" started-at="2024-01-17T12:26:48 IST" name="close" finished-at="2024-01-17T12:26:55 IST" duration-ms="7438" status="PASS">
          <reporter-output>
            <line>
              <![CDATA[********Browser Session End********]]>
            </line>
          </reporter-output>
        </test-method> <!-- close -->
      </class> <!-- BushSoc.testcases.Donate_for_Bushido -->
    </test> <!-- Default test -->
  </suite> <!-- Default suite -->
</testng-results>
